<?xml version="1.0" encoding="UTF-8"?>
<!-- Generated by org.testng.reporters.JUnitReportReporter -->
<testsuite skipped="0" hostname="mambati1" name="com.training.sanity.tests.RETC_015" tests="1" failures="0" timestamp="20 Jun 2019 10:56:20 GMT" time="48.623" errors="0">
  <testcase name="validLoginTest" time="48.623" classname="com.training.sanity.tests.RETC_015"/>
</testsuite> <!-- com.training.sanity.tests.RETC_015 -->
