<?xml version="1.0" encoding="UTF-8"?>
<!-- Generated by org.testng.reporters.JUnitReportReporter -->
<testsuite skipped="0" hostname="mambati1" name="com.training.sanity.tests.RETC_049" tests="1" failures="0" timestamp="21 Jun 2019 11:31:57 GMT" time="54.124" errors="0">
  <testcase name="validLoginTest" time="54.124" classname="com.training.sanity.tests.RETC_049"/>
</testsuite> <!-- com.training.sanity.tests.RETC_049 -->
