<?xml version="1.0" encoding="UTF-8"?>
<!-- Generated by org.testng.reporters.JUnitReportReporter -->
<testsuite skipped="1" hostname="mambati1" name="com.training.regression.tests.UserRoleChangeTest" tests="1" failures="0" timestamp="08 Jul 2019 12:45:26 GMT" time="0.000" errors="0">
  <testcase name="loginDBTest" time="0.000" classname="com.training.regression.tests.UserRoleChangeTest">
    <skipped/>
  </testcase> <!-- loginDBTest -->
</testsuite> <!-- com.training.regression.tests.UserRoleChangeTest -->
