<?xml version="1.0" encoding="UTF-8"?>
<!-- Generated by org.testng.reporters.JUnitReportReporter -->
<testsuite skipped="0" hostname="mambati1" name="com.training.sanity.tests.RETC_048" tests="1" failures="0" timestamp="21 Jun 2019 10:02:28 GMT" time="60.625" errors="0">
  <testcase name="validLoginTest" time="60.625" classname="com.training.sanity.tests.RETC_048"/>
</testsuite> <!-- com.training.sanity.tests.RETC_048 -->
