<?xml version="1.0" encoding="UTF-8"?>
<!-- Generated by org.testng.reporters.JUnitReportReporter -->
<testsuite skipped="0" hostname="mambati1" name="com.training.sanity.tests.RETC_050" tests="1" failures="0" timestamp="21 Jun 2019 10:27:04 GMT" time="53.800" errors="0">
  <testcase name="validLoginTest" time="53.800" classname="com.training.sanity.tests.RETC_050"/>
</testsuite> <!-- com.training.sanity.tests.RETC_050 -->
