<?xml version="1.0" encoding="UTF-8"?>
<!-- Generated by org.testng.reporters.JUnitReportReporter -->
<testsuite skipped="0" hostname="mambati1" name="com.training.sanity.tests.RETC_047" tests="1" failures="0" timestamp="21 Jun 2019 09:52:07 GMT" time="79.366" errors="0">
  <testcase name="validLoginTest" time="79.366" classname="com.training.sanity.tests.RETC_047"/>
</testsuite> <!-- com.training.sanity.tests.RETC_047 -->
