<?xml version="1.0" encoding="UTF-8"?>
<!-- Generated by org.testng.reporters.JUnitReportReporter -->
<testsuite skipped="0" hostname="mambati1" name="com.training.regression.tests.MailSendTest" tests="1" failures="0" timestamp="09 Jul 2019 08:44:28 GMT" time="75.492" errors="0">
  <testcase name="loginDBTest" time="75.492" classname="com.training.regression.tests.MailSendTest"/>
</testsuite> <!-- com.training.regression.tests.MailSendTest -->
