<?xml version="1.0" encoding="UTF-8"?>
<!-- Generated by org.testng.reporters.JUnitReportReporter -->
<testsuite skipped="0" hostname="mambati1" name="com.training.regression.tests.LoginDBTest" tests="2" failures="0" timestamp="03 Jul 2019 10:12:11 GMT" time="72.904" errors="0">
  <testcase name="loginDBTest" time="45.625" classname="com.training.regression.tests.LoginDBTest"/>
  <testcase name="loginDBTest" time="27.279" classname="com.training.regression.tests.LoginDBTest"/>
</testsuite> <!-- com.training.regression.tests.LoginDBTest -->
