<?xml version="1.0" encoding="UTF-8"?>
<!-- Generated by org.testng.reporters.JUnitReportReporter -->
<testsuite skipped="0" hostname="mambati1" name="com.training.regression.tests.PostExcelTest" tests="1" failures="0" timestamp="09 Jul 2019 08:04:22 GMT" time="122.299" errors="0">
  <testcase name="NewPost" time="122.299" classname="com.training.regression.tests.PostExcelTest"/>
</testsuite> <!-- com.training.regression.tests.PostExcelTest -->
